<?xml version="1.0" encoding="utf-8"?><testsuites><testsuite name="pytest" errors="0" failures="0" skipped="0" tests="3" time="0.225" timestamp="2021-09-12T23:23:43.211296" hostname="samirLnxPC"><testcase classname="examples_rclpy_executors.executors.test.test_copyright" name="test_copyright" time="0.017" /><testcase classname="examples_rclpy_executors.executors.test.test_flake8" name="test_flake8" time="0.128" /><testcase classname="examples_rclpy_executors.executors.test.test_pep257" name="test_pep257" time="0.030" /></testsuite></testsuites>