[1m============================= test session starts ==============================[0m
platform linux -- Python 3.8.10, pytest-6.2.4, py-1.10.0, pluggy-0.13.0
cachedir: /home/samir/Samir/Projects_Others/ros2_ws/ros2_foxy_tutorial_ws/ros2_example_ws/build/examples_rclpy_minimal_client/.pytest_cache
rootdir: /home/samir/Samir/Projects_Others/ros2_ws/ros2_foxy_tutorial_ws/ros2_example_ws/src/examples/rclpy, configfile: pytest.ini
plugins: ament-pep257-0.9.6, launch-testing-0.10.5, launch-testing-ros-0.11.2, ament-lint-0.9.6, ament-copyright-0.9.6, ament-xmllint-0.9.6, ament-flake8-0.9.6, repeat-0.9.1, rerunfailures-10.1, mock-1.10.4, colcon-core-0.6.1, cov-2.8.1
[1mcollecting ... [0m[1m
collected 3 items                                                              [0m

test/test_copyright.py [32m.[0m[32m                                                 [ 33%][0m
test/test_flake8.py [31mF[0m[31m                                                    [ 66%][0m
test/test_pep257.py [32m.[0m[31m                                                    [100%][0m

=================================== FAILURES ===================================
[31m[1m_________________________________ test_flake8 __________________________________[0m
[1m[31mtest/test_flake8.py[0m:23: in test_flake8
    [94massert[39;49;00m rc == [94m0[39;49;00m, \
[1m[31mE   AssertionError: Found 4 code style errors / warnings:[0m
[1m[31mE     ./examples_rclpy_minimal_client/client_async.py:39:1: B902 blind except Exception: statement[0m
[1m[31mE     ./examples_rclpy_minimal_client/client.py:36:1: B902 blind except Exception: statement[0m
[1m[31mE     ./examples_rclpy_minimal_client/client_async_callback.py:42:1: B902 blind except Exception: statement[0m
[1m[31mE     ./examples_rclpy_minimal_client/client_async_member_function.py:47:1: B902 blind except Exception: statement[0m
[1m[31mE   assert 1 == 0[0m
----------------------------- Captured stdout call -----------------------------

./examples_rclpy_minimal_client/client_async.py:39:1: B902 blind except Exception: statement
            except Exception as e:
^

./examples_rclpy_minimal_client/client.py:36:1: B902 blind except Exception: statement
    except Exception as e:
^

./examples_rclpy_minimal_client/client_async_callback.py:42:1: B902 blind except Exception: statement
            except Exception as e:
^

./examples_rclpy_minimal_client/client_async_member_function.py:47:1: B902 blind except Exception: statement
            except Exception as e:
^

4     B902 blind except Exception: statement

9 files checked
4 errors

'B'-type errors: 4

Checked files:

* ./setup.py
* ./test/test_flake8.py
* ./test/test_pep257.py
* ./test/test_copyright.py
* ./examples_rclpy_minimal_client/client_async.py
* ./examples_rclpy_minimal_client/client.py
* ./examples_rclpy_minimal_client/__init__.py
* ./examples_rclpy_minimal_client/client_async_callback.py
* ./examples_rclpy_minimal_client/client_async_member_function.py
- generated xml file: /home/samir/Samir/Projects_Others/ros2_ws/ros2_foxy_tutorial_ws/ros2_example_ws/build/examples_rclpy_minimal_client/pytest.xml -
=========================== short test summary info ============================
FAILED test/test_flake8.py::test_flake8 - AssertionError: Found 4 code style ...
[31m========================= [31m[1m1 failed[0m, [32m2 passed[0m[31m in 0.26s[0m[31m ==========================[0m
